DEBUG:root:----------------------
DEBUG:root:
DEBUG:root:FRAME:0
DEBUG:root:detection:0.07576346397399902
DEBUG:root:confidences:[1.30471273]
DEBUG:root:confidences:[0.70788901]
DEBUG:root:confidences:[0.27476264]
DEBUG:root:fps:7.7115352086780655
DEBUG:root:
DEBUG:root:----------------------
DEBUG:root:
DEBUG:root:FRAME:1
DEBUG:root:detection:0.05884218215942383
DEBUG:root:confidences:[1.30967784]
DEBUG:root:confidences:[0.65404543]
DEBUG:root:fps:14.531263858093126
DEBUG:root:
DEBUG:root:----------------------
DEBUG:root:
DEBUG:root:FRAME:2
DEBUG:root:detection:0.06283187866210938
DEBUG:root:confidences:[1.87734626]
DEBUG:root:confidences:[1.01158815]
DEBUG:root:fps:13.021663944961533
DEBUG:root:
DEBUG:root:----------------------
DEBUG:root:
DEBUG:root:FRAME:3
DEBUG:root:detection:0.05684781074523926
DEBUG:root:confidences:[0.72231401]
DEBUG:root:confidences:[1.89163427]
DEBUG:root:fps:14.75371454299865
DEBUG:root:
DEBUG:root:----------------------
DEBUG:root:
DEBUG:root:FRAME:4
DEBUG:root:detection:0.0608370304107666
DEBUG:root:confidences:[0.59974463]
DEBUG:root:confidences:[1.88620897]
DEBUG:root:fps:14.122520993690108
DEBUG:root:
DEBUG:root:----------------------
DEBUG:root:
DEBUG:root:FRAME:5
DEBUG:root:detection:0.05884242057800293
DEBUG:root:confidences:[0.63651348]
DEBUG:root:confidences:[2.0162686]
DEBUG:root:fps:14.54199502820471
DEBUG:root:
DEBUG:root:----------------------
DEBUG:root:
DEBUG:root:FRAME:6
DEBUG:root:detection:0.061834096908569336
DEBUG:root:confidences:[0.20768065]
DEBUG:root:confidences:[0.31909733]
DEBUG:root:confidences:[1.14462256]
DEBUG:root:fps:13.933361237899716
DEBUG:root:
DEBUG:root:----------------------
DEBUG:root:
DEBUG:root:FRAME:7
DEBUG:root:detection:0.0608365535736084
DEBUG:root:confidences:[1.15240981]
DEBUG:root:fps:14.33195514156649
DEBUG:root:
DEBUG:root:----------------------
DEBUG:root:
DEBUG:root:FRAME:8
DEBUG:root:detection:0.04989266395568848
DEBUG:root:confidences:[0.65061767]
DEBUG:root:fps:16.987521516372695
DEBUG:root:
DEBUG:root:----------------------
DEBUG:root:
DEBUG:root:FRAME:9
DEBUG:root:detection:0.05186104774475098
DEBUG:root:confidences:[0.81784038]
DEBUG:root:fps:15.666756312565367
DEBUG:root:
DEBUG:root:----------------------
DEBUG:root:
DEBUG:root:FRAME:10
DEBUG:root:detection:0.04787158966064453
DEBUG:root:confidences:[0.33352212]
DEBUG:root:confidences:[0.88163852]
DEBUG:root:fps:17.287971840042207
DEBUG:root:
DEBUG:root:----------------------
DEBUG:root:
DEBUG:root:FRAME:11
DEBUG:root:detection:0.06183457374572754
DEBUG:root:confidences:[0.37353803]
DEBUG:root:confidences:[1.02227294]
DEBUG:root:fps:14.122616097403297
DEBUG:root:
DEBUG:root:----------------------
DEBUG:root:
DEBUG:root:FRAME:12
DEBUG:root:detection:0.05585026741027832
DEBUG:root:confidences:[0.93826712]
DEBUG:root:fps:15.426303729776052
DEBUG:root:
DEBUG:root:----------------------
DEBUG:root:
DEBUG:root:FRAME:13
DEBUG:root:detection:0.05385589599609375
DEBUG:root:confidences:[0.61639615]
DEBUG:root:fps:15.916031374394274
DEBUG:root:
DEBUG:root:----------------------
DEBUG:root:
DEBUG:root:FRAME:14
DEBUG:root:detection:0.05884122848510742
DEBUG:root:confidences:[0.77936684]
DEBUG:root:fps:14.541087555686525
DEBUG:root:
DEBUG:root:----------------------
DEBUG:root:
DEBUG:root:FRAME:15
DEBUG:root:detection:0.05784463882446289
DEBUG:root:confidences:[1.76943012]
DEBUG:root:fps:14.965706966006687
DEBUG:root:
DEBUG:root:----------------------
DEBUG:root:
DEBUG:root:FRAME:16
DEBUG:root:detection:0.0578608512878418
DEBUG:root:confidences:[1.45181402]
DEBUG:root:fps:14.967576170662252
DEBUG:root:
DEBUG:root:----------------------
DEBUG:root:
DEBUG:root:FRAME:17
DEBUG:root:detection:0.05585074424743652
DEBUG:root:confidences:[0.36040858]
DEBUG:root:confidences:[0.77798764]
DEBUG:root:fps:15.192295014868824
DEBUG:root:
DEBUG:root:----------------------
DEBUG:root:
DEBUG:root:FRAME:18
DEBUG:root:detection:0.060837507247924805
DEBUG:root:confidences:[0.94126974]
DEBUG:root:fps:14.129942931834872
DEBUG:root:
DEBUG:root:----------------------
DEBUG:root:
DEBUG:root:FRAME:19
DEBUG:root:detection:0.06582474708557129
DEBUG:root:fps:13.023483420636719
DEBUG:root:
DEBUG:root:----------------------
DEBUG:root:
DEBUG:root:FRAME:20
DEBUG:root:detection:0.0578460693359375
DEBUG:root:confidences:[0.18053636]
DEBUG:root:fps:14.531314202169492
DEBUG:root:
DEBUG:root:----------------------
DEBUG:root:
DEBUG:root:FRAME:21
DEBUG:root:detection:0.06482601165771484
DEBUG:root:fps:13.550644852808146
DEBUG:root:
DEBUG:root:----------------------
DEBUG:root:
DEBUG:root:FRAME:22
DEBUG:root:detection:0.04685688018798828
DEBUG:root:confidences:[0.14070526]
DEBUG:root:fps:18.231348343910284
DEBUG:root:
DEBUG:root:----------------------
DEBUG:root:
DEBUG:root:FRAME:23
DEBUG:root:detection:0.0638267993927002
DEBUG:root:fps:13.925959373941684
DEBUG:root:
DEBUG:root:----------------------
DEBUG:root:
DEBUG:root:FRAME:24
DEBUG:root:detection:0.05684781074523926
DEBUG:root:fps:15.193505736092646
DEBUG:root:
DEBUG:root:----------------------
DEBUG:root:
DEBUG:root:FRAME:25
DEBUG:root:detection:0.06682038307189941
DEBUG:root:fps:13.201882249256386
DEBUG:root:
DEBUG:root:----------------------
DEBUG:root:
DEBUG:root:FRAME:26
DEBUG:root:detection:0.0608372688293457
DEBUG:root:confidences:[0.15220376]
DEBUG:root:fps:14.324368444959001
DEBUG:root:
DEBUG:root:----------------------
DEBUG:root:
DEBUG:root:FRAME:27
DEBUG:root:detection:0.05684804916381836
DEBUG:root:fps:15.201269942519154
DEBUG:root:
DEBUG:root:----------------------
DEBUG:root:
DEBUG:root:FRAME:28
DEBUG:root:detection:0.06183433532714844
DEBUG:root:fps:14.122663649740227
DEBUG:root:
DEBUG:root:----------------------
DEBUG:root:
DEBUG:root:FRAME:29
DEBUG:root:detection:0.05585050582885742
DEBUG:root:confidences:[0.47850023]
DEBUG:root:confidences:[0.28918405]
DEBUG:root:fps:15.192570161839493
DEBUG:root:
DEBUG:root:----------------------
DEBUG:root:
DEBUG:root:FRAME:30
DEBUG:root:detection:0.06482625007629395
DEBUG:root:fps:13.735783806442317
DEBUG:root:
DEBUG:root:----------------------
DEBUG:root:
DEBUG:root:FRAME:31
DEBUG:root:detection:0.05787086486816406
DEBUG:root:fps:14.959888718479153
DEBUG:root:
DEBUG:root:----------------------
DEBUG:root:
DEBUG:root:FRAME:32
DEBUG:root:detection:0.05588173866271973
DEBUG:root:fps:15.480792511884726
DEBUG:root:
DEBUG:root:----------------------
DEBUG:root:
DEBUG:root:FRAME:33
DEBUG:root:detection:0.05088996887207031
DEBUG:root:confidences:[0.23658679]
DEBUG:root:fps:16.714769620697076
DEBUG:root:
DEBUG:root:----------------------
DEBUG:root:
DEBUG:root:FRAME:34
DEBUG:root:detection:0.04587864875793457
DEBUG:root:confidences:[0.91241113]
DEBUG:root:fps:17.916948957056263
DEBUG:root:
DEBUG:root:----------------------
DEBUG:root:
DEBUG:root:FRAME:35
DEBUG:root:detection:0.049892425537109375
DEBUG:root:confidences:[0.78546652]
DEBUG:root:fps:16.72223329691973
DEBUG:root:
DEBUG:root:----------------------
DEBUG:root:
DEBUG:root:FRAME:36
DEBUG:root:detection:0.059866905212402344
DEBUG:root:confidences:[0.51343423]
DEBUG:root:fps:14.53403330041409
DEBUG:root:
DEBUG:root:----------------------
DEBUG:root:
DEBUG:root:FRAME:37
DEBUG:root:detection:0.05884218215942383
DEBUG:root:confidences:[0.77238652]
DEBUG:root:confidences:[0.42795039]
DEBUG:root:fps:14.539928172275607
DEBUG:root:
DEBUG:root:----------------------
DEBUG:root:
DEBUG:root:FRAME:38
DEBUG:root:detection:0.06285738945007324
DEBUG:root:confidences:[0.30735675]
DEBUG:root:confidences:[0.5012214]
DEBUG:root:fps:13.73780833314227
DEBUG:root:
DEBUG:root:----------------------
DEBUG:root:
DEBUG:root:FRAME:39
DEBUG:root:detection:0.06086230278015137
DEBUG:root:confidences:[0.56066558]
DEBUG:root:fps:14.319184746428144
DEBUG:root:
DEBUG:root:----------------------
DEBUG:root:
DEBUG:root:FRAME:40
DEBUG:root:detection:0.05587649345397949
DEBUG:root:fps:15.488395623386742
DEBUG:root:
DEBUG:root:----------------------
DEBUG:root:
DEBUG:root:FRAME:41
DEBUG:root:detection:0.057871341705322266
DEBUG:root:confidences:[0.72202043]
DEBUG:root:fps:14.355451356207752
DEBUG:root:
DEBUG:root:----------------------
DEBUG:root:
DEBUG:root:FRAME:42
DEBUG:root:detection:0.061834096908569336
DEBUG:root:confidences:[0.41017215]
DEBUG:root:fps:14.13013334052029
DEBUG:root:
DEBUG:root:----------------------
DEBUG:root:
DEBUG:root:FRAME:43
DEBUG:root:detection:0.060837745666503906
DEBUG:root:fps:14.122568545386592
DEBUG:root:
DEBUG:root:----------------------
DEBUG:root:
DEBUG:root:FRAME:44
DEBUG:root:detection:0.05884242057800293
DEBUG:root:confidences:[0.37764101]
DEBUG:root:fps:14.804697344595477
DEBUG:root:
DEBUG:root:----------------------
DEBUG:root:
DEBUG:root:FRAME:45
DEBUG:root:detection:0.05787014961242676
DEBUG:root:confidences:[1.38275765]
DEBUG:root:fps:14.955408017001005
DEBUG:root:
DEBUG:root:----------------------
DEBUG:root:
DEBUG:root:FRAME:46
DEBUG:root:detection:0.057871103286743164
DEBUG:root:confidences:[1.10223542]
DEBUG:root:fps:14.96885818088379
DEBUG:root:
DEBUG:root:----------------------
DEBUG:root:
DEBUG:root:FRAME:47
DEBUG:root:detection:0.05585026741027832
DEBUG:root:confidences:[0.85564355]
DEBUG:root:fps:15.200994480344153
DEBUG:root:
DEBUG:root:----------------------
DEBUG:root:
DEBUG:root:FRAME:48
DEBUG:root:detection:0.055850982666015625
DEBUG:root:confidences:[0.53418611]
DEBUG:root:fps:15.192570161839493
DEBUG:root:
DEBUG:root:----------------------
DEBUG:root:
DEBUG:root:FRAME:49
DEBUG:root:detection:0.060837507247924805
DEBUG:root:confidences:[1.09414403]
DEBUG:root:fps:14.379665595869488
DEBUG:root:
DEBUG:root:----------------------
DEBUG:root:
DEBUG:root:FRAME:50
DEBUG:root:detection:0.055850982666015625
DEBUG:root:confidences:[0.98814781]
DEBUG:root:fps:15.199672400859585
DEBUG:root:
DEBUG:root:----------------------
DEBUG:root:
DEBUG:root:FRAME:51
DEBUG:root:detection:0.06485199928283691
DEBUG:root:confidences:[1.08089836]
DEBUG:root:fps:13.377978649094326
DEBUG:root:
DEBUG:root:----------------------
DEBUG:root:
DEBUG:root:FRAME:52
DEBUG:root:detection:0.05684804916381836
DEBUG:root:confidences:[1.48558728]
DEBUG:root:confidences:[0.48982147]
DEBUG:root:fps:15.19163470279942
DEBUG:root:
DEBUG:root:----------------------
DEBUG:root:
DEBUG:root:FRAME:53
DEBUG:root:detection:0.056847572326660156
DEBUG:root:confidences:[0.74719181]
DEBUG:root:confidences:[0.99441785]
DEBUG:root:confidences:[0.22811292]
DEBUG:root:fps:14.965706966006687
DEBUG:root:
DEBUG:root:----------------------
DEBUG:root:
DEBUG:root:FRAME:54
DEBUG:root:detection:0.05585050582885742
DEBUG:root:confidences:[1.43230144]
DEBUG:root:confidences:[1.49056769]
DEBUG:root:fps:15.426530679799477
DEBUG:root:
DEBUG:root:----------------------
DEBUG:root:
DEBUG:root:FRAME:55
DEBUG:root:detection:0.06183481216430664
DEBUG:root:confidences:[0.76662968]
DEBUG:root:confidences:[0.07913373]
DEBUG:root:fps:14.122616097403297
DEBUG:root:
DEBUG:root:----------------------
DEBUG:root:
DEBUG:root:FRAME:56
DEBUG:root:detection:0.05585050582885742
DEBUG:root:confidences:[0.65565391]
DEBUG:root:fps:15.42619025726843
DEBUG:root:
DEBUG:root:----------------------
DEBUG:root:
DEBUG:root:FRAME:57
DEBUG:root:detection:0.05585050582885742
DEBUG:root:confidences:[0.75280155]
DEBUG:root:confidences:[0.76510989]
DEBUG:root:confidences:[0.19678049]
DEBUG:root:fps:15.255453956892099
DEBUG:root:
DEBUG:root:----------------------
DEBUG:root:
DEBUG:root:FRAME:58
DEBUG:root:detection:0.05884242057800293
DEBUG:root:confidences:[0.51580069]
DEBUG:root:confidences:[0.33868529]
DEBUG:root:fps:14.593604191964705
DEBUG:root:
DEBUG:root:----------------------
DEBUG:root:
DEBUG:root:FRAME:59
DEBUG:root:detection:0.06283211708068848
DEBUG:root:confidences:[0.14038343]
DEBUG:root:confidences:[0.75903252]
DEBUG:root:fps:13.97910285594302
DEBUG:root:
DEBUG:root:----------------------
DEBUG:root:
DEBUG:root:FRAME:60
DEBUG:root:detection:0.05684709548950195
DEBUG:root:confidences:[0.47203651]
DEBUG:root:confidences:[0.93979907]
DEBUG:root:confidences:[0.90777798]
DEBUG:root:fps:14.973988418670075
DEBUG:root:
DEBUG:root:----------------------
DEBUG:root:
DEBUG:root:FRAME:61
DEBUG:root:detection:0.05687355995178223
DEBUG:root:confidences:[0.59176794]
DEBUG:root:confidences:[1.00499357]
DEBUG:root:confidences:[0.80914089]
DEBUG:root:fps:14.970621303570345
DEBUG:root:
DEBUG:root:----------------------
DEBUG:root:
DEBUG:root:FRAME:62
DEBUG:root:detection:0.05188751220703125
DEBUG:root:confidences:[0.38893821]
DEBUG:root:confidences:[0.10900379]
DEBUG:root:confidences:[0.68151534]
DEBUG:root:confidences:[1.089202]
DEBUG:root:fps:16.184975380863445
DEBUG:root:
DEBUG:root:----------------------
DEBUG:root:
DEBUG:root:FRAME:63
DEBUG:root:detection:0.05787205696105957
DEBUG:root:confidences:[0.29986982]
DEBUG:root:confidences:[0.52344521]
DEBUG:root:fps:14.754856366923937
DEBUG:root:
DEBUG:root:----------------------
DEBUG:root:
DEBUG:root:FRAME:64
DEBUG:root:detection:0.06385540962219238
DEBUG:root:confidences:[0.37121721]
DEBUG:root:confidences:[0.72811227]
DEBUG:root:fps:13.738843321715889
DEBUG:root:
DEBUG:root:----------------------
DEBUG:root:
DEBUG:root:FRAME:65
DEBUG:root:detection:0.060837745666503906
DEBUG:root:confidences:[0.63096453]
DEBUG:root:confidences:[0.22469207]
DEBUG:root:fps:14.12218814078067
DEBUG:root:
DEBUG:root:----------------------
DEBUG:root:
DEBUG:root:FRAME:66
DEBUG:root:detection:0.054852962493896484
DEBUG:root:confidences:[0.47465045]
DEBUG:root:fps:15.42624699331357
DEBUG:root:
DEBUG:root:----------------------
DEBUG:root:
DEBUG:root:FRAME:67
DEBUG:root:detection:0.05585026741027832
DEBUG:root:fps:15.192405072461144
DEBUG:root:
DEBUG:root:----------------------
DEBUG:root:
DEBUG:root:FRAME:68
DEBUG:root:detection:0.054852962493896484
DEBUG:root:fps:15.679641121495328
DEBUG:root:
DEBUG:root:----------------------
DEBUG:root:
DEBUG:root:FRAME:69
DEBUG:root:detection:0.059839487075805664
DEBUG:root:fps:14.745674880380252
DEBUG:root:
DEBUG:root:----------------------
DEBUG:root:
DEBUG:root:FRAME:70
DEBUG:root:detection:0.05585026741027832
DEBUG:root:confidences:[0.59652132]
DEBUG:root:fps:15.426303729776052
DEBUG:root:
DEBUG:root:----------------------
DEBUG:root:
DEBUG:root:FRAME:71
DEBUG:root:detection:0.05585026741027832
DEBUG:root:confidences:[1.46471117]
DEBUG:root:fps:15.192460101855273
DEBUG:root:
DEBUG:root:----------------------
DEBUG:root:
DEBUG:root:FRAME:72
DEBUG:root:detection:0.06183481216430664
DEBUG:root:confidences:[0.9466701]
DEBUG:root:fps:14.17971845461061
DEBUG:root:
DEBUG:root:----------------------
DEBUG:root:
DEBUG:root:FRAME:73
DEBUG:root:detection:0.06183433532714844
DEBUG:root:confidences:[0.62460843]
DEBUG:root:fps:14.122616097403297
DEBUG:root:
DEBUG:root:----------------------
DEBUG:root:
DEBUG:root:FRAME:74
DEBUG:root:detection:0.056847572326660156
DEBUG:root:confidences:[0.62451377]
DEBUG:root:fps:15.192900351360162
DEBUG:root:
DEBUG:root:----------------------
DEBUG:root:
DEBUG:root:FRAME:75
DEBUG:root:detection:0.06285738945007324
DEBUG:root:confidences:[0.52984565]
DEBUG:root:confidences:[0.48037833]
DEBUG:root:confidences:[0.71412222]
DEBUG:root:fps:13.730927376057407
DEBUG:root:
DEBUG:root:----------------------
DEBUG:root:
DEBUG:root:FRAME:76
DEBUG:root:detection:0.056847572326660156
DEBUG:root:confidences:[0.39271505]
DEBUG:root:confidences:[0.70914991]
DEBUG:root:confidences:[0.50306821]
DEBUG:root:fps:14.976501380066344
DEBUG:root:
DEBUG:root:----------------------
DEBUG:root:
DEBUG:root:FRAME:77
DEBUG:root:detection:0.05585050582885742
DEBUG:root:confidences:[0.84418095]
DEBUG:root:confidences:[0.88178608]
DEBUG:root:confidences:[0.86198243]
DEBUG:root:fps:15.192680223418359
DEBUG:root:
DEBUG:root:----------------------
DEBUG:root:
DEBUG:root:FRAME:78
DEBUG:root:detection:0.0478973388671875
DEBUG:root:confidences:[0.79983703]
DEBUG:root:confidences:[0.87051712]
DEBUG:root:confidences:[1.21286492]
DEBUG:root:fps:17.31280493342029
DEBUG:root:
DEBUG:root:----------------------
DEBUG:root:
DEBUG:root:FRAME:79
DEBUG:root:detection:0.05983996391296387
DEBUG:root:confidences:[0.67671175]
DEBUG:root:confidences:[0.77986518]
DEBUG:root:confidences:[1.56304932]
DEBUG:root:fps:14.3243195246064
DEBUG:root:
DEBUG:root:----------------------
DEBUG:root:
DEBUG:root:FRAME:80
DEBUG:root:detection:0.055861711502075195
DEBUG:root:confidences:[1.05916705]
DEBUG:root:confidences:[0.40864687]
DEBUG:root:confidences:[1.71356737]
DEBUG:root:fps:14.968163731420516
DEBUG:root:
DEBUG:root:----------------------
DEBUG:root:
DEBUG:root:FRAME:81
DEBUG:root:detection:0.05585145950317383
DEBUG:root:confidences:[0.54129248]
DEBUG:root:confidences:[1.11947087]
DEBUG:root:fps:15.19058932607058
DEBUG:root:
DEBUG:root:----------------------
DEBUG:root:
DEBUG:root:FRAME:82
DEBUG:root:detection:0.05784416198730469
DEBUG:root:confidences:[0.99966639]
DEBUG:root:fps:15.192019877864144
DEBUG:root:
DEBUG:root:----------------------
DEBUG:root:
DEBUG:root:FRAME:83
DEBUG:root:detection:0.061834096908569336
DEBUG:root:confidences:[0.43720319]
DEBUG:root:confidences:[0.80215222]
DEBUG:root:confidences:[0.39995153]
DEBUG:root:fps:14.16315146112338
DEBUG:root:
DEBUG:root:----------------------
DEBUG:root:
DEBUG:root:FRAME:84
DEBUG:root:detection:0.05983996391296387
DEBUG:root:confidences:[0.41854474]
DEBUG:root:confidences:[0.88825629]
DEBUG:root:confidences:[0.7822754]
DEBUG:root:confidences:[0.63413927]
DEBUG:root:fps:14.381144716495287
DEBUG:root:
DEBUG:root:----------------------
DEBUG:root:
DEBUG:root:FRAME:85
DEBUG:root:detection:0.06183481216430664
DEBUG:root:confidences:[0.32404329]
DEBUG:root:confidences:[0.63914503]
DEBUG:root:confidences:[0.90093124]
DEBUG:root:confidences:[0.66529489]
DEBUG:root:fps:13.926236801912477
DEBUG:root:
DEBUG:root:----------------------
DEBUG:root:
DEBUG:root:FRAME:86
DEBUG:root:detection:0.05884289741516113
DEBUG:root:confidences:[1.29834986]
DEBUG:root:confidences:[0.57582186]
DEBUG:root:confidences:[0.20869521]
DEBUG:root:confidences:[1.28812152]
DEBUG:root:fps:14.531716967338921
DEBUG:root:
DEBUG:root:----------------------
DEBUG:root:
DEBUG:root:FRAME:87
DEBUG:root:detection:0.05285835266113281
DEBUG:root:confidences:[1.44024433]
DEBUG:root:confidences:[0.42084522]
DEBUG:root:confidences:[0.37164937]
DEBUG:root:confidences:[1.17871645]
DEBUG:root:fps:15.984938507799429
DEBUG:root:
DEBUG:root:----------------------
DEBUG:root:
DEBUG:root:FRAME:88
DEBUG:root:detection:0.057845354080200195
DEBUG:root:confidences:[0.25692906]
DEBUG:root:confidences:[0.75041003]
DEBUG:root:confidences:[0.36797809]
DEBUG:root:confidences:[1.10739364]
DEBUG:root:fps:14.965226388839334
DEBUG:root:
DEBUG:root:----------------------
DEBUG:root:
DEBUG:root:FRAME:89
DEBUG:root:detection:0.048870086669921875
DEBUG:root:confidences:[0.30123193]
DEBUG:root:confidences:[1.6288937]
DEBUG:root:fps:17.37253813687441
DEBUG:root:
DEBUG:root:----------------------
DEBUG:root:
DEBUG:root:FRAME:0
DEBUG:root:detection:0.19546008110046387
DEBUG:root:confidences:[0.73779061]
DEBUG:root:confidences:[0.28016861]
DEBUG:root:fps:3.3245672787686202
DEBUG:root:
DEBUG:root:----------------------
DEBUG:root:
DEBUG:root:FRAME:1
DEBUG:root:detection:0.1474306583404541
DEBUG:root:confidences:[0.73548308]
DEBUG:root:confidences:[0.63004578]
DEBUG:root:fps:6.091166270687261
DEBUG:root:
DEBUG:root:----------------------
DEBUG:root:
DEBUG:root:FRAME:2
DEBUG:root:detection:0.21770668029785156
DEBUG:root:confidences:[0.83579893]
DEBUG:root:fps:3.480334300299383
DEBUG:root:
DEBUG:root:----------------------
DEBUG:root:
DEBUG:root:FRAME:3
DEBUG:root:detection:0.23363995552062988
DEBUG:root:confidences:[0.81594746]
DEBUG:root:fps:3.395334303666922
DEBUG:root:
DEBUG:root:----------------------
DEBUG:root:
DEBUG:root:FRAME:4
DEBUG:root:detection:0.23875141143798828
DEBUG:root:fps:3.3112447056687335
DEBUG:root:
DEBUG:root:----------------------
DEBUG:root:
DEBUG:root:FRAME:5
DEBUG:root:detection:0.16963887214660645
DEBUG:root:fps:4.5523213093758645
DEBUG:root:
DEBUG:root:----------------------
DEBUG:root:
DEBUG:root:FRAME:6
DEBUG:root:detection:0.22697162628173828
DEBUG:root:fps:3.4816401204623255
DEBUG:root:
DEBUG:root:----------------------
DEBUG:root:
DEBUG:root:FRAME:7
DEBUG:root:detection:0.22098684310913086
DEBUG:root:confidences:[0.82554973]
DEBUG:root:fps:3.5135678055196045
DEBUG:root:
DEBUG:root:----------------------
DEBUG:root:
DEBUG:root:FRAME:8
DEBUG:root:detection:0.227614164352417
DEBUG:root:confidences:[1.39612355]
DEBUG:root:confidences:[0.07046484]
DEBUG:root:fps:3.4525936614843102
DEBUG:root:
DEBUG:root:----------------------
DEBUG:root:
DEBUG:root:FRAME:9
DEBUG:root:detection:0.2413625717163086
DEBUG:root:confidences:[1.07807824]
DEBUG:root:fps:3.279700485116525
DEBUG:root:
DEBUG:root:----------------------
DEBUG:root:
DEBUG:root:FRAME:10
DEBUG:root:detection:0.23735594749450684
DEBUG:root:confidences:[0.61137566]
DEBUG:root:fps:3.326257288051719
DEBUG:root:
DEBUG:root:----------------------
DEBUG:root:
DEBUG:root:FRAME:11
DEBUG:root:detection:0.2179245948791504
DEBUG:root:confidences:[0.53392617]
DEBUG:root:confidences:[0.6073811]
DEBUG:root:fps:3.8788739688528837
DEBUG:root:
DEBUG:root:----------------------
DEBUG:root:
DEBUG:root:FRAME:12
DEBUG:root:detection:0.1981978416442871
DEBUG:root:confidences:[0.4206205]
DEBUG:root:confidences:[0.45635269]
DEBUG:root:confidences:[0.59303008]
DEBUG:root:fps:4.178034732750669
DEBUG:root:
DEBUG:root:----------------------
DEBUG:root:
DEBUG:root:FRAME:13
DEBUG:root:detection:0.23004627227783203
DEBUG:root:confidences:[0.90923519]
DEBUG:root:confidences:[0.84203149]
DEBUG:root:confidences:[0.97772517]
DEBUG:root:fps:3.439132424060047
DEBUG:root:
DEBUG:root:----------------------
DEBUG:root:
DEBUG:root:FRAME:14
DEBUG:root:detection:0.2166273593902588
DEBUG:root:confidences:[0.88917101]
DEBUG:root:confidences:[1.28045367]
DEBUG:root:confidences:[0.93349009]
DEBUG:root:fps:3.832150453538772
DEBUG:root:
DEBUG:root:----------------------
DEBUG:root:
DEBUG:root:FRAME:15
DEBUG:root:detection:0.21741604804992676
DEBUG:root:confidences:[0.72597127]
DEBUG:root:confidences:[1.02838554]
DEBUG:root:confidences:[1.7347837]
DEBUG:root:fps:3.794170752446945
DEBUG:root:
DEBUG:root:----------------------
DEBUG:root:
DEBUG:root:FRAME:16
DEBUG:root:detection:0.21319007873535156
DEBUG:root:confidences:[1.87702726]
DEBUG:root:confidences:[0.9420506]
DEBUG:root:fps:4.0277678814074465
DEBUG:root:
DEBUG:root:----------------------
DEBUG:root:
DEBUG:root:FRAME:17
DEBUG:root:detection:0.2128446102142334
DEBUG:root:confidences:[1.43199219]
DEBUG:root:fps:4.039175428493287
DEBUG:root:
DEBUG:root:----------------------
DEBUG:root:
DEBUG:root:FRAME:18
DEBUG:root:detection:0.2076859474182129
DEBUG:root:confidences:[1.43727204]
DEBUG:root:fps:3.9336597077635846
DEBUG:root:
DEBUG:root:----------------------
DEBUG:root:
DEBUG:root:FRAME:19
DEBUG:root:detection:0.1992816925048828
DEBUG:root:confidences:[0.99443187]
DEBUG:root:confidences:[0.51331407]
DEBUG:root:fps:4.10372654764048
DEBUG:root:
DEBUG:root:----------------------
DEBUG:root:
DEBUG:root:FRAME:20
DEBUG:root:detection:0.21775507926940918
DEBUG:root:confidences:[0.88068895]
DEBUG:root:confidences:[0.78808327]
DEBUG:root:confidences:[0.79874749]
DEBUG:root:confidences:[0.89836387]
DEBUG:root:fps:3.852060023125379
DEBUG:root:
DEBUG:root:----------------------
DEBUG:root:
DEBUG:root:FRAME:21
DEBUG:root:detection:0.21687674522399902
DEBUG:root:confidences:[0.77877148]
DEBUG:root:confidences:[0.73052373]
DEBUG:root:confidences:[1.06449198]
DEBUG:root:fps:3.867129385471564
DEBUG:root:
DEBUG:root:----------------------
DEBUG:root:
DEBUG:root:FRAME:22
DEBUG:root:detection:0.2022840976715088
DEBUG:root:confidences:[1.42916694]
DEBUG:root:confidences:[0.31576891]
DEBUG:root:confidences:[0.32110616]
DEBUG:root:confidences:[1.17944326]
DEBUG:root:fps:4.135770440949245
DEBUG:root:
DEBUG:root:----------------------
DEBUG:root:
DEBUG:root:FRAME:23
DEBUG:root:detection:0.20174932479858398
DEBUG:root:confidences:[1.5861899]
DEBUG:root:confidences:[0.29979298]
DEBUG:root:confidences:[0.29397631]
DEBUG:root:confidences:[1.49610272]
DEBUG:root:fps:4.1393908411019416
DEBUG:root:
DEBUG:root:----------------------
DEBUG:root:
DEBUG:root:FRAME:24
DEBUG:root:detection:0.20960116386413574
DEBUG:root:confidences:[0.90624792]
DEBUG:root:confidences:[0.47021491]
DEBUG:root:confidences:[1.55667636]
DEBUG:root:fps:4.059319450318557
DEBUG:root:
DEBUG:root:----------------------
DEBUG:root:
DEBUG:root:FRAME:25
DEBUG:root:detection:0.19930315017700195
DEBUG:root:confidences:[0.79373531]
DEBUG:root:confidences:[0.87644901]
DEBUG:root:fps:4.084050960276379
DEBUG:root:
