DEBUG:root:----------------------
DEBUG:root:
DEBUG:root:FRAME:0
DEBUG:root:detection:0.8464686870574951
DEBUG:root:confidences:0.998651385307312
DEBUG:root:confidences:0.998664915561676
DEBUG:root:confidences:0.9896151423454285
DEBUG:root:confidences:0.9895912408828735
DEBUG:root:confidences:0.7505791187286377
DEBUG:root:fps:1.1294922608189384
DEBUG:root:
DEBUG:root:----------------------
DEBUG:root:
DEBUG:root:FRAME:1
DEBUG:root:detection:0.49567437171936035
DEBUG:root:confidences:0.9986104965209961
DEBUG:root:confidences:0.9986550211906433
DEBUG:root:confidences:0.9897089004516602
DEBUG:root:confidences:0.9898065328598022
DEBUG:root:confidences:0.744024395942688
DEBUG:root:fps:1.9599890278476777
DEBUG:root:
DEBUG:root:----------------------
DEBUG:root:
DEBUG:root:FRAME:2
DEBUG:root:detection:0.4837050437927246
DEBUG:root:confidences:0.9987062215805054
DEBUG:root:confidences:0.9963066577911377
DEBUG:root:confidences:0.9923427700996399
DEBUG:root:confidences:0.9617264270782471
DEBUG:root:confidences:0.8850583434104919
DEBUG:root:fps:2.0297274971363755
DEBUG:root:
DEBUG:root:----------------------
DEBUG:root:
DEBUG:root:FRAME:3
DEBUG:root:detection:0.4936792850494385
DEBUG:root:confidences:0.9984272122383118
DEBUG:root:confidences:0.9971193075180054
DEBUG:root:confidences:0.9951396584510803
DEBUG:root:confidences:0.9964772462844849
DEBUG:root:confidences:0.6727589964866638
DEBUG:root:fps:1.9855003652128056
DEBUG:root:
DEBUG:root:----------------------
DEBUG:root:
DEBUG:root:FRAME:4
DEBUG:root:detection:0.4837076663970947
DEBUG:root:confidences:0.9985835552215576
DEBUG:root:confidences:0.996122419834137
DEBUG:root:confidences:0.9943516850471497
DEBUG:root:confidences:0.9940407872200012
DEBUG:root:confidences:0.8110318183898926
DEBUG:root:fps:2.0297029415493726
DEBUG:root:
DEBUG:root:----------------------
DEBUG:root:
DEBUG:root:FRAME:5
DEBUG:root:detection:0.4807147979736328
DEBUG:root:confidences:0.9972198605537415
DEBUG:root:confidences:0.9752577543258667
DEBUG:root:confidences:0.9308221340179443
DEBUG:root:confidences:0.9402952194213867
DEBUG:root:confidences:0.8545174598693848
DEBUG:root:fps:2.042269081829456
DEBUG:root:
DEBUG:root:----------------------
DEBUG:root:
DEBUG:root:FRAME:6
DEBUG:root:detection:0.47871923446655273
DEBUG:root:confidences:0.9975633025169373
DEBUG:root:confidences:0.9760595560073853
DEBUG:root:confidences:0.9263759851455688
DEBUG:root:confidences:0.9580845236778259
DEBUG:root:confidences:0.9175777435302734
DEBUG:root:fps:2.0504669680709604
DEBUG:root:
DEBUG:root:----------------------
DEBUG:root:
DEBUG:root:FRAME:7
DEBUG:root:detection:0.48171162605285645
DEBUG:root:confidences:0.9977049827575684
DEBUG:root:confidences:0.9905228614807129
DEBUG:root:confidences:0.7808071970939636
DEBUG:root:confidences:0.8556385040283203
DEBUG:root:confidences:0.9679664373397827
DEBUG:root:fps:2.0338297283235116
DEBUG:root:
DEBUG:root:----------------------
DEBUG:root:
DEBUG:root:FRAME:8
DEBUG:root:detection:0.48968982696533203
DEBUG:root:confidences:0.9972927570343018
DEBUG:root:confidences:0.9924721717834473
DEBUG:root:confidences:0.535802960395813
DEBUG:root:confidences:0.8577411770820618
DEBUG:root:confidences:0.986966609954834
DEBUG:root:fps:2.005351998871653
DEBUG:root:
DEBUG:root:----------------------
DEBUG:root:
DEBUG:root:FRAME:9
DEBUG:root:detection:0.4837064743041992
DEBUG:root:confidences:0.9955724477767944
DEBUG:root:confidences:0.9952456951141357
DEBUG:root:confidences:0.6684953570365906
DEBUG:root:confidences:0.8386949300765991
DEBUG:root:confidences:0.9832189083099365
DEBUG:root:fps:2.0297225859714425
DEBUG:root:
DEBUG:root:----------------------
DEBUG:root:
DEBUG:root:FRAME:10
DEBUG:root:detection:0.4856998920440674
DEBUG:root:confidences:0.9927420616149902
DEBUG:root:confidences:0.9963842034339905
DEBUG:root:confidences:0.8948082327842712
DEBUG:root:confidences:0.9327648282051086
DEBUG:root:confidences:0.9762610197067261
DEBUG:root:fps:2.0217225427897847
DEBUG:root:
DEBUG:root:----------------------
DEBUG:root:
DEBUG:root:FRAME:11
DEBUG:root:detection:0.47871947288513184
DEBUG:root:confidences:0.9936113357543945
DEBUG:root:confidences:0.9981701970100403
DEBUG:root:confidences:0.9407281875610352
DEBUG:root:confidences:0.9740010499954224
DEBUG:root:confidences:0.9724463224411011
DEBUG:root:fps:2.0462804449971483
DEBUG:root:
DEBUG:root:----------------------
DEBUG:root:
DEBUG:root:FRAME:12
DEBUG:root:detection:0.48171091079711914
DEBUG:root:confidences:0.9919824004173279
DEBUG:root:confidences:0.9983686208724976
DEBUG:root:confidences:0.9675042033195496
DEBUG:root:confidences:0.9542245864868164
DEBUG:root:confidences:0.9757257699966431
DEBUG:root:fps:2.033828742114272
DEBUG:root:
DEBUG:root:----------------------
DEBUG:root:
DEBUG:root:FRAME:13
DEBUG:root:detection:0.4757273197174072
DEBUG:root:confidences:0.9976862072944641
DEBUG:root:confidences:0.9927474856376648
DEBUG:root:confidences:0.9654098153114319
DEBUG:root:confidences:0.9587161540985107
DEBUG:root:confidences:0.9840489029884338
DEBUG:root:confidences:0.5592771172523499
DEBUG:root:fps:2.0631248813321883
DEBUG:root:
DEBUG:root:----------------------
DEBUG:root:
DEBUG:root:FRAME:14
DEBUG:root:detection:0.5076417922973633
DEBUG:root:confidences:0.9984261989593506
DEBUG:root:confidences:0.9962545037269592
DEBUG:root:confidences:0.9906061291694641
DEBUG:root:confidences:0.980347752571106
DEBUG:root:confidences:0.9802210927009583
DEBUG:root:confidences:0.6406054496765137
DEBUG:root:fps:1.9319419814558068
DEBUG:root:
DEBUG:root:----------------------
DEBUG:root:
DEBUG:root:FRAME:15
DEBUG:root:detection:0.48769593238830566
DEBUG:root:confidences:0.9984995722770691
DEBUG:root:confidences:0.9959849119186401
DEBUG:root:confidences:0.9836466312408447
DEBUG:root:confidences:0.9822653532028198
DEBUG:root:confidences:0.9720165729522705
DEBUG:root:confidences:0.5308988690376282
DEBUG:root:fps:2.0133793135229374
DEBUG:root:
DEBUG:root:----------------------
DEBUG:root:
DEBUG:root:FRAME:16
DEBUG:root:detection:0.4837067127227783
DEBUG:root:confidences:0.9984681606292725
DEBUG:root:confidences:0.996584415435791
DEBUG:root:confidences:0.980191171169281
DEBUG:root:confidences:0.9926031827926636
DEBUG:root:confidences:0.9765275120735168
DEBUG:root:confidences:0.5247993469238281
DEBUG:root:fps:2.0297137459344547
DEBUG:root:
DEBUG:root:----------------------
DEBUG:root:
DEBUG:root:FRAME:17
DEBUG:root:detection:0.4857010841369629
DEBUG:root:confidences:0.997944712638855
DEBUG:root:confidences:0.997761070728302
DEBUG:root:confidences:0.9589971899986267
DEBUG:root:confidences:0.9811124205589294
DEBUG:root:confidences:0.9651595950126648
DEBUG:root:fps:2.017459330265517
DEBUG:root:
DEBUG:root:----------------------
DEBUG:root:
DEBUG:root:FRAME:18
DEBUG:root:detection:0.4827086925506592
DEBUG:root:confidences:0.9940803647041321
DEBUG:root:confidences:0.9958001971244812
DEBUG:root:confidences:0.896898090839386
DEBUG:root:confidences:0.9936302304267883
DEBUG:root:confidences:0.9718580842018127
DEBUG:root:fps:2.0297117814922476
DEBUG:root:
DEBUG:root:----------------------
DEBUG:root:
DEBUG:root:FRAME:19
DEBUG:root:detection:0.4717388153076172
DEBUG:root:confidences:0.9875588417053223
DEBUG:root:confidences:0.9924324750900269
DEBUG:root:confidences:0.9017735123634338
DEBUG:root:confidences:0.9921414852142334
DEBUG:root:confidences:0.9616261124610901
DEBUG:root:fps:2.0759410720958607
DEBUG:root:
DEBUG:root:----------------------
DEBUG:root:
DEBUG:root:FRAME:20
DEBUG:root:detection:0.47672486305236816
DEBUG:root:confidences:0.9886653423309326
DEBUG:root:confidences:0.9894527196884155
DEBUG:root:confidences:0.8956780433654785
DEBUG:root:confidences:0.9860495924949646
DEBUG:root:confidences:0.9918841123580933
DEBUG:root:fps:2.0546686437867434
DEBUG:root:
DEBUG:root:----------------------
DEBUG:root:
DEBUG:root:FRAME:21
DEBUG:root:detection:0.4717376232147217
DEBUG:root:confidences:0.9772046208381653
DEBUG:root:confidences:0.9877932071685791
DEBUG:root:confidences:0.8413390517234802
DEBUG:root:confidences:0.9612693786621094
DEBUG:root:confidences:0.9663781523704529
DEBUG:root:confidences:0.692429780960083
DEBUG:root:fps:2.0802365564412977
DEBUG:root:
DEBUG:root:----------------------
DEBUG:root:
DEBUG:root:FRAME:22
DEBUG:root:detection:0.4807143211364746
DEBUG:root:confidences:0.9847990274429321
DEBUG:root:confidences:0.9943452477455139
DEBUG:root:confidences:0.7792247533798218
DEBUG:root:confidences:0.9354434013366699
DEBUG:root:confidences:0.964956521987915
DEBUG:root:confidences:0.504506528377533
DEBUG:root:fps:2.0379644183792216
DEBUG:root:
DEBUG:root:----------------------
DEBUG:root:
DEBUG:root:FRAME:23
DEBUG:root:detection:0.4827089309692383
DEBUG:root:confidences:0.9640254378318787
DEBUG:root:confidences:0.9955390691757202
DEBUG:root:confidences:0.8640886545181274
DEBUG:root:confidences:0.8573518395423889
DEBUG:root:confidences:0.9631940722465515
DEBUG:root:confidences:0.6759082078933716
DEBUG:root:fps:2.0338297283235116
DEBUG:root:
DEBUG:root:----------------------
DEBUG:root:
DEBUG:root:FRAME:24
DEBUG:root:detection:0.47373270988464355
DEBUG:root:confidences:0.9624300599098206
DEBUG:root:confidences:0.9974241256713867
DEBUG:root:confidences:0.9463486671447754
DEBUG:root:confidences:0.9368489384651184
DEBUG:root:confidences:0.9521945118904114
DEBUG:root:fps:2.0716520350999548
DEBUG:root:
DEBUG:root:----------------------
DEBUG:root:
DEBUG:root:FRAME:25
DEBUG:root:detection:0.4807145595550537
DEBUG:root:confidences:0.9396349191665649
DEBUG:root:confidences:0.9953609704971313
DEBUG:root:confidences:0.9041693806648254
DEBUG:root:confidences:0.9814619421958923
DEBUG:root:confidences:0.9623662233352661
DEBUG:root:fps:2.0421159539822025
DEBUG:root:
DEBUG:root:----------------------
DEBUG:root:
DEBUG:root:FRAME:26
DEBUG:root:detection:0.4837069511413574
DEBUG:root:confidences:0.9345542192459106
DEBUG:root:confidences:0.9953425526618958
DEBUG:root:confidences:0.89981609582901
DEBUG:root:confidences:0.9822530150413513
DEBUG:root:confidences:0.9619038701057434
DEBUG:root:fps:2.0256173241960176
DEBUG:root:
DEBUG:root:----------------------
DEBUG:root:
DEBUG:root:FRAME:27
DEBUG:root:detection:0.4837057590484619
DEBUG:root:confidences:0.942260205745697
DEBUG:root:confidences:0.9972169995307922
DEBUG:root:confidences:0.9115976691246033
DEBUG:root:confidences:0.8995505571365356
DEBUG:root:confidences:0.9466854333877563
DEBUG:root:fps:2.029716692604895
DEBUG:root:
DEBUG:root:----------------------
DEBUG:root:
DEBUG:root:FRAME:28
DEBUG:root:detection:0.48470354080200195
DEBUG:root:confidences:0.9308218955993652
DEBUG:root:confidences:0.9970249533653259
DEBUG:root:confidences:0.9306613206863403
DEBUG:root:confidences:0.5717018246650696
DEBUG:root:confidences:0.989600658416748
DEBUG:root:fps:2.021528635282709
DEBUG:root:
DEBUG:root:----------------------
DEBUG:root:
DEBUG:root:FRAME:29
DEBUG:root:detection:0.483705997467041
DEBUG:root:confidences:0.9181065559387207
DEBUG:root:confidences:0.9958788156509399
DEBUG:root:confidences:0.9326987862586975
DEBUG:root:confidences:0.7997360825538635
DEBUG:root:fps:2.025611454644853
DEBUG:root:
DEBUG:root:----------------------
DEBUG:root:
DEBUG:root:FRAME:30
DEBUG:root:detection:0.4857003688812256
DEBUG:root:confidences:0.7927170991897583
DEBUG:root:confidences:0.9966545701026917
DEBUG:root:confidences:0.856274425983429
DEBUG:root:confidences:0.8495531678199768
DEBUG:root:confidences:0.9485942721366882
DEBUG:root:fps:2.0215325325547253
DEBUG:root:
DEBUG:root:----------------------
DEBUG:root:
DEBUG:root:FRAME:31
DEBUG:root:detection:0.4747302532196045
DEBUG:root:confidences:0.9950138330459595
DEBUG:root:confidences:0.7776419520378113
DEBUG:root:confidences:0.8775245547294617
DEBUG:root:confidences:0.9170801043510437
DEBUG:root:confidences:0.9740352630615234
DEBUG:root:confidences:0.602936327457428
DEBUG:root:fps:2.0673786464235313
DEBUG:root:
DEBUG:root:----------------------
DEBUG:root:
DEBUG:root:FRAME:32
DEBUG:root:detection:0.48470330238342285
DEBUG:root:confidences:0.6247511506080627
DEBUG:root:confidences:0.7809972167015076
DEBUG:root:confidences:0.9938888549804688
DEBUG:root:confidences:0.9504572749137878
DEBUG:root:confidences:0.9493963718414307
DEBUG:root:confidences:0.9675502181053162
DEBUG:root:confidences:0.55435711145401
DEBUG:root:fps:2.021527660967053
DEBUG:root:
DEBUG:root:----------------------
DEBUG:root:
DEBUG:root:FRAME:33
DEBUG:root:detection:0.49068713188171387
DEBUG:root:confidences:0.6256676316261292
DEBUG:root:confidences:0.8936958909034729
DEBUG:root:confidences:0.9958148002624512
DEBUG:root:confidences:0.9754658937454224
DEBUG:root:confidences:0.9446703791618347
DEBUG:root:confidences:0.9727767705917358
DEBUG:root:confidences:0.5549859404563904
DEBUG:root:fps:1.9973665625831878
DEBUG:root:
DEBUG:root:----------------------
DEBUG:root:
DEBUG:root:FRAME:34
DEBUG:root:detection:0.48969054222106934
DEBUG:root:confidences:0.5456604957580566
DEBUG:root:confidences:0.9895869493484497
DEBUG:root:confidences:0.9949972629547119
DEBUG:root:confidences:0.9611721634864807
DEBUG:root:confidences:0.9894014000892639
DEBUG:root:confidences:0.9712342023849487
DEBUG:root:fps:2.0013522702059183
DEBUG:root:
DEBUG:root:----------------------
DEBUG:root:
DEBUG:root:FRAME:35
DEBUG:root:detection:0.47772216796875
DEBUG:root:confidences:0.9881240725517273
DEBUG:root:confidences:0.9943338632583618
DEBUG:root:confidences:0.9612288475036621
DEBUG:root:confidences:0.9855525493621826
DEBUG:root:confidences:0.9744386672973633
DEBUG:root:confidences:0.5483158230781555
DEBUG:root:fps:2.0504669680709604
DEBUG:root:
DEBUG:root:----------------------
DEBUG:root:
DEBUG:root:FRAME:36
DEBUG:root:detection:0.47871971130371094
DEBUG:root:confidences:0.9938910007476807
DEBUG:root:confidences:0.9912253022193909
DEBUG:root:confidences:0.9795774221420288
DEBUG:root:confidences:0.9816932082176208
DEBUG:root:confidences:0.9904397130012512
DEBUG:root:confidences:0.7405487895011902
DEBUG:root:fps:2.0504669680709604
DEBUG:root:
DEBUG:root:----------------------
DEBUG:root:
DEBUG:root:FRAME:37
DEBUG:root:detection:0.4827089309692383
DEBUG:root:confidences:0.9971822500228882
DEBUG:root:confidences:0.9964637756347656
DEBUG:root:confidences:0.9882102012634277
DEBUG:root:confidences:0.9577791690826416
DEBUG:root:confidences:0.9946389198303223
DEBUG:root:confidences:0.5991518497467041
DEBUG:root:fps:2.0297117814922476
DEBUG:root:
DEBUG:root:----------------------
DEBUG:root:
DEBUG:root:FRAME:38
DEBUG:root:detection:0.4857010841369629
DEBUG:root:confidences:0.9952645301818848
DEBUG:root:confidences:0.9948409795761108
DEBUG:root:confidences:0.9948116540908813
DEBUG:root:confidences:0.9612852931022644
DEBUG:root:confidences:0.9876624941825867
DEBUG:root:confidences:0.6107547879219055
DEBUG:root:fps:2.0215305839168387
DEBUG:root:
DEBUG:root:----------------------
DEBUG:root:
DEBUG:root:FRAME:39
DEBUG:root:detection:0.48969030380249023
DEBUG:root:confidences:0.9937455058097839
DEBUG:root:confidences:0.9922724366188049
DEBUG:root:confidences:0.9933992624282837
DEBUG:root:confidences:0.9466323852539062
DEBUG:root:confidences:0.9759561419487
DEBUG:root:confidences:0.7435985803604126
DEBUG:root:fps:2.0053577515994125
DEBUG:root:
DEBUG:root:----------------------
DEBUG:root:
DEBUG:root:FRAME:40
DEBUG:root:detection:0.483705997467041
DEBUG:root:confidences:0.9868852496147156
DEBUG:root:confidences:0.993630588054657
DEBUG:root:confidences:0.9910670518875122
DEBUG:root:confidences:0.9621015191078186
DEBUG:root:confidences:0.9420835375785828
DEBUG:root:confidences:0.7937189340591431
DEBUG:root:fps:2.0297147281569843
DEBUG:root:
DEBUG:root:----------------------
DEBUG:root:
DEBUG:root:FRAME:41
DEBUG:root:detection:0.49268198013305664
DEBUG:root:confidences:0.9976056814193726
DEBUG:root:confidences:0.994759202003479
DEBUG:root:confidences:0.9865620732307434
DEBUG:root:confidences:0.9825043082237244
DEBUG:root:confidences:0.9600400328636169
DEBUG:root:confidences:0.8714392781257629
DEBUG:root:fps:1.989439752898566
DEBUG:root:
DEBUG:root:----------------------
DEBUG:root:
DEBUG:root:FRAME:42
DEBUG:root:detection:0.48769497871398926
DEBUG:root:confidences:0.9934355020523071
DEBUG:root:confidences:0.9908560514450073
DEBUG:root:confidences:0.9882146120071411
DEBUG:root:confidences:0.972490668296814
DEBUG:root:confidences:0.8034175038337708
DEBUG:root:confidences:0.7312307953834534
DEBUG:root:fps:2.0093648586887474
DEBUG:root:
DEBUG:root:----------------------
DEBUG:root:
DEBUG:root:FRAME:43
DEBUG:root:detection:0.48470282554626465
DEBUG:root:confidences:0.9740176200866699
DEBUG:root:confidences:0.9853731989860535
DEBUG:root:confidences:0.9969019293785095
DEBUG:root:confidences:0.9851208329200745
DEBUG:root:confidences:0.8419461250305176
DEBUG:root:confidences:0.7810738682746887
DEBUG:root:fps:2.0256036286295473
DEBUG:root:
DEBUG:root:----------------------
DEBUG:root:
DEBUG:root:FRAME:44
DEBUG:root:detection:0.503652811050415
DEBUG:root:confidences:0.9605173468589783
DEBUG:root:confidences:0.9889410734176636
DEBUG:root:confidences:0.997453510761261
DEBUG:root:confidences:0.9849283695220947
DEBUG:root:confidences:0.7349517941474915
DEBUG:root:confidences:0.6186136603355408
DEBUG:root:fps:1.9507347281424483
DEBUG:root:
DEBUG:root:----------------------
DEBUG:root:
DEBUG:root:FRAME:45
DEBUG:root:detection:0.4827091693878174
DEBUG:root:confidences:0.9688575863838196
DEBUG:root:confidences:0.9929487109184265
DEBUG:root:confidences:0.9934796094894409
DEBUG:root:confidences:0.9916391968727112
DEBUG:root:confidences:0.8405026197433472
DEBUG:root:confidences:0.5277838706970215
DEBUG:root:confidences:0.5953341126441956
DEBUG:root:fps:2.0297147281569843
DEBUG:root:
DEBUG:root:----------------------
DEBUG:root:
DEBUG:root:FRAME:46
DEBUG:root:detection:0.4827094078063965
DEBUG:root:confidences:0.9953003525733948
DEBUG:root:confidences:0.9971453547477722
DEBUG:root:confidences:0.9782068133354187
DEBUG:root:confidences:0.9934977293014526
DEBUG:root:confidences:0.9112774729728699
DEBUG:root:fps:2.0297137459344547
DEBUG:root:
DEBUG:root:----------------------
DEBUG:root:
DEBUG:root:FRAME:47
DEBUG:root:detection:0.4757273197174072
DEBUG:root:confidences:0.9965304732322693
DEBUG:root:confidences:0.9972711801528931
DEBUG:root:confidences:0.9432097673416138
DEBUG:root:confidences:0.9901912808418274
DEBUG:root:confidences:0.7613822817802429
DEBUG:root:fps:2.0631258961576204
DEBUG:root:
DEBUG:root:----------------------
DEBUG:root:
DEBUG:root:FRAME:48
DEBUG:root:detection:0.4797170162200928
DEBUG:root:confidences:0.9959180355072021
DEBUG:root:confidences:0.9977585077285767
DEBUG:root:confidences:0.9080192446708679
DEBUG:root:confidences:0.9918720722198486
DEBUG:root:confidences:0.5638795495033264
DEBUG:root:fps:2.046282441642001
DEBUG:root:
DEBUG:root:----------------------
DEBUG:root:
DEBUG:root:FRAME:49
DEBUG:root:detection:0.4837062358856201
DEBUG:root:confidences:0.9847442507743835
DEBUG:root:confidences:0.998203456401825
DEBUG:root:confidences:0.961544394493103
DEBUG:root:confidences:0.9892333149909973
DEBUG:root:fps:2.0256134111581283
DEBUG:root:
DEBUG:root:----------------------
DEBUG:root:
DEBUG:root:FRAME:50
DEBUG:root:detection:0.48769521713256836
DEBUG:root:confidences:0.5520862936973572
DEBUG:root:confidences:0.997452437877655
DEBUG:root:confidences:0.9979583621025085
DEBUG:root:confidences:0.9757346510887146
DEBUG:root:confidences:0.9972426295280457
DEBUG:root:fps:2.0093744849973745
DEBUG:root:
DEBUG:root:----------------------
DEBUG:root:
DEBUG:root:FRAME:51
DEBUG:root:detection:0.4866981506347656
DEBUG:root:confidences:0.5446364879608154
DEBUG:root:confidences:0.9973370432853699
DEBUG:root:confidences:0.9979292750358582
DEBUG:root:confidences:0.9750635027885437
DEBUG:root:confidences:0.9972108602523804
DEBUG:root:fps:2.0134102412460924
DEBUG:root:
DEBUG:root:----------------------
DEBUG:root:
DEBUG:root:FRAME:52
DEBUG:root:detection:0.4807140827178955
DEBUG:root:confidences:0.5813985466957092
DEBUG:root:confidences:0.9942150115966797
DEBUG:root:confidences:0.9966129064559937
DEBUG:root:confidences:0.975646436214447
DEBUG:root:confidences:0.9928224086761475
DEBUG:root:fps:2.037961447712634
DEBUG:root:
DEBUG:root:----------------------
DEBUG:root:
DEBUG:root:FRAME:53
DEBUG:root:detection:0.48171114921569824
DEBUG:root:confidences:0.6205838322639465
DEBUG:root:confidences:0.9941373467445374
DEBUG:root:confidences:0.9965336918830872
DEBUG:root:confidences:0.9655622243881226
DEBUG:root:confidences:0.991807758808136
DEBUG:root:fps:2.0338297283235116
DEBUG:root:
DEBUG:root:----------------------
DEBUG:root:
DEBUG:root:FRAME:54
DEBUG:root:detection:0.4807140827178955
DEBUG:root:confidences:0.5853983759880066
DEBUG:root:confidences:0.988440990447998
DEBUG:root:confidences:0.995437502861023
DEBUG:root:confidences:0.9897623062133789
DEBUG:root:confidences:0.9819203615188599
DEBUG:root:fps:2.0379634281560635
DEBUG:root:
DEBUG:root:----------------------
DEBUG:root:
DEBUG:root:FRAME:55
DEBUG:root:detection:0.4857006072998047
DEBUG:root:confidences:0.6709782481193542
DEBUG:root:confidences:0.9898034930229187
DEBUG:root:confidences:0.9920374751091003
DEBUG:root:confidences:0.9942548274993896
DEBUG:root:confidences:0.9919710755348206
DEBUG:root:fps:2.0215296095993045
DEBUG:root:
DEBUG:root:----------------------
DEBUG:root:
DEBUG:root:FRAME:56
DEBUG:root:detection:0.48470330238342285
DEBUG:root:confidences:0.8158248066902161
DEBUG:root:confidences:0.9957214593887329
DEBUG:root:confidences:0.9955977201461792
DEBUG:root:confidences:0.992734968662262
DEBUG:root:confidences:0.9965875148773193
DEBUG:root:confidences:0.7245551347732544
DEBUG:root:fps:2.021527660967053
DEBUG:root:
DEBUG:root:----------------------
DEBUG:root:
DEBUG:root:FRAME:57
DEBUG:root:detection:0.4866979122161865
DEBUG:root:confidences:0.8602014183998108
DEBUG:root:confidences:0.9942442774772644
DEBUG:root:confidences:0.9761978387832642
DEBUG:root:confidences:0.9752570986747742
DEBUG:root:confidences:0.9817744493484497
DEBUG:root:confidences:0.7529742121696472
DEBUG:root:fps:2.0174632118630167
DEBUG:root:
DEBUG:root:----------------------
DEBUG:root:
DEBUG:root:FRAME:58
DEBUG:root:detection:0.49268221855163574
DEBUG:root:confidences:0.8022369146347046
DEBUG:root:confidences:0.9913841485977173
DEBUG:root:confidences:0.9520206451416016
DEBUG:root:confidences:0.9754161238670349
DEBUG:root:confidences:0.9522355198860168
DEBUG:root:confidences:0.7387010455131531
DEBUG:root:fps:1.9933976459271383
DEBUG:root:
DEBUG:root:----------------------
DEBUG:root:
DEBUG:root:FRAME:59
DEBUG:root:detection:0.48171186447143555
DEBUG:root:confidences:0.7431736588478088
DEBUG:root:confidences:0.9904276728630066
DEBUG:root:confidences:0.910732626914978
DEBUG:root:confidences:0.9950966238975525
DEBUG:root:confidences:0.9480283856391907
DEBUG:root:confidences:0.8327271938323975
DEBUG:root:fps:2.0379654086033416
DEBUG:root:
DEBUG:root:----------------------
DEBUG:root:
DEBUG:root:FRAME:60
DEBUG:root:detection:0.4866979122161865
DEBUG:root:confidences:0.8037711381912231
DEBUG:root:confidences:0.9946230053901672
DEBUG:root:confidences:0.9636260867118835
DEBUG:root:confidences:0.9897171258926392
DEBUG:root:confidences:0.981784462928772
DEBUG:root:confidences:0.8691797256469727
DEBUG:root:fps:2.021528635282709
DEBUG:root:
DEBUG:root:----------------------
DEBUG:root:
DEBUG:root:FRAME:61
DEBUG:root:detection:0.47672510147094727
DEBUG:root:confidences:0.8087584972381592
DEBUG:root:confidences:0.9966302514076233
DEBUG:root:confidences:0.9902091026306152
DEBUG:root:confidences:0.973659098148346
DEBUG:root:confidences:0.9879035353660583
DEBUG:root:confidences:0.8606898188591003
DEBUG:root:fps:2.0588885850903877
DEBUG:root:
DEBUG:root:----------------------
DEBUG:root:
DEBUG:root:FRAME:62
DEBUG:root:detection:0.4777219295501709
DEBUG:root:confidences:0.8520150184631348
DEBUG:root:confidences:0.9971954226493835
DEBUG:root:confidences:0.9941184520721436
DEBUG:root:confidences:0.9762488603591919
DEBUG:root:confidences:0.9876739382743835
DEBUG:root:confidences:0.8897426724433899
DEBUG:root:fps:2.050465965660851
DEBUG:root:
DEBUG:root:----------------------
DEBUG:root:
DEBUG:root:FRAME:63
DEBUG:root:detection:0.4777219295501709
DEBUG:root:confidences:0.8220645785331726
DEBUG:root:confidences:0.995918333530426
DEBUG:root:confidences:0.9849019050598145
DEBUG:root:confidences:0.9939188957214355
DEBUG:root:confidences:0.9690635800361633
DEBUG:root:confidences:0.9506723880767822
DEBUG:root:fps:2.0504669680709604
DEBUG:root:
DEBUG:root:----------------------
DEBUG:root:
DEBUG:root:FRAME:64
DEBUG:root:detection:0.4966719150543213
DEBUG:root:confidences:0.7649016380310059
DEBUG:root:confidences:0.9927946925163269
DEBUG:root:confidences:0.9753159880638123
DEBUG:root:confidences:0.991783082485199
DEBUG:root:confidences:0.9314576983451843
DEBUG:root:confidences:0.9423666000366211
DEBUG:root:fps:1.9737761851092817
DEBUG:root:
DEBUG:root:----------------------
DEBUG:root:
DEBUG:root:FRAME:65
DEBUG:root:detection:0.47672462463378906
DEBUG:root:confidences:0.8263260126113892
DEBUG:root:confidences:0.994386613368988
DEBUG:root:confidences:0.996657133102417
DEBUG:root:confidences:0.9881044626235962
DEBUG:root:confidences:0.960822343826294
DEBUG:root:confidences:0.9334246516227722
DEBUG:root:fps:2.058889595752535
DEBUG:root:
DEBUG:root:----------------------
DEBUG:root:
DEBUG:root:FRAME:66
DEBUG:root:detection:0.4777224063873291
DEBUG:root:confidences:0.8792612552642822
DEBUG:root:confidences:0.9929832816123962
DEBUG:root:confidences:0.9914247989654541
DEBUG:root:confidences:0.9872350096702576
DEBUG:root:confidences:0.9830850958824158
DEBUG:root:confidences:0.8740198612213135
DEBUG:root:fps:2.0546686437867434
DEBUG:root:
DEBUG:root:----------------------
DEBUG:root:
DEBUG:root:FRAME:67
DEBUG:root:detection:0.4807143211364746
DEBUG:root:confidences:0.9405650496482849
DEBUG:root:confidences:0.9927111268043518
DEBUG:root:confidences:0.9913788437843323
DEBUG:root:confidences:0.9717543125152588
DEBUG:root:confidences:0.9881243705749512
DEBUG:root:confidences:0.8237917423248291
DEBUG:root:fps:2.0379634281560635
DEBUG:root:
DEBUG:root:----------------------
DEBUG:root:
DEBUG:root:FRAME:68
DEBUG:root:detection:0.48470354080200195
DEBUG:root:confidences:0.9262286424636841
DEBUG:root:confidences:0.988016664981842
DEBUG:root:confidences:0.9850141406059265
DEBUG:root:confidences:0.965556263923645
DEBUG:root:confidences:0.9923104643821716
DEBUG:root:confidences:0.7143756151199341
DEBUG:root:fps:2.021527660967053
DEBUG:root:
DEBUG:root:----------------------
DEBUG:root:
DEBUG:root:FRAME:69
DEBUG:root:detection:0.4807140827178955
DEBUG:root:confidences:0.8957378268241882
DEBUG:root:confidences:0.9861042499542236
DEBUG:root:confidences:0.994488000869751
DEBUG:root:confidences:0.9717299342155457
DEBUG:root:confidences:0.9970367550849915
DEBUG:root:confidences:0.7563263773918152
DEBUG:root:fps:2.0379624379338677
DEBUG:root:
DEBUG:root:----------------------
DEBUG:root:
DEBUG:root:FRAME:70
DEBUG:root:detection:0.4807145595550537
DEBUG:root:confidences:0.8947487473487854
DEBUG:root:confidences:0.985953152179718
DEBUG:root:confidences:0.9909276366233826
DEBUG:root:confidences:0.9770142436027527
DEBUG:root:confidences:0.9986584782600403
DEBUG:root:confidences:0.6245898604393005
DEBUG:root:fps:2.0421149597205708
DEBUG:root:
DEBUG:root:----------------------
DEBUG:root:
DEBUG:root:FRAME:71
DEBUG:root:detection:0.47871947288513184
DEBUG:root:confidences:0.7174727916717529
DEBUG:root:confidences:0.9835920929908752
DEBUG:root:confidences:0.9962928891181946
DEBUG:root:confidences:0.9987390041351318
DEBUG:root:confidences:0.9904547929763794
DEBUG:root:fps:2.050465965660851
DEBUG:root:
DEBUG:root:----------------------
DEBUG:root:
DEBUG:root:FRAME:72
DEBUG:root:detection:0.4777216911315918
DEBUG:root:confidences:0.6820490956306458
DEBUG:root:confidences:0.9908512234687805
DEBUG:root:confidences:0.9959326386451721
DEBUG:root:confidences:0.9987798929214478
DEBUG:root:confidences:0.989746630191803
DEBUG:root:confidences:0.63168865442276
DEBUG:root:fps:2.0504669680709604
DEBUG:root:
DEBUG:root:----------------------
DEBUG:root:
DEBUG:root:FRAME:73
DEBUG:root:detection:0.47971677780151367
DEBUG:root:confidences:0.7032079696655273
DEBUG:root:confidences:0.9906583428382874
DEBUG:root:confidences:0.996332585811615
DEBUG:root:confidences:0.9951152801513672
DEBUG:root:confidences:0.9877722263336182
DEBUG:root:confidences:0.537817656993866
DEBUG:root:fps:2.0421169482448027
DEBUG:root:
DEBUG:root:----------------------
DEBUG:root:
DEBUG:root:FRAME:74
DEBUG:root:detection:0.4946763515472412
DEBUG:root:confidences:0.8406962752342224
DEBUG:root:confidences:0.9932360053062439
DEBUG:root:confidences:0.9921362996101379
DEBUG:root:confidences:0.9913614988327026
DEBUG:root:confidences:0.9960580468177795
DEBUG:root:confidences:0.6724264621734619
DEBUG:root:fps:1.981577484032544
DEBUG:root:
DEBUG:root:----------------------
DEBUG:root:
DEBUG:root:FRAME:75
DEBUG:root:detection:0.4936792850494385
DEBUG:root:confidences:0.8433067202568054
DEBUG:root:confidences:0.989730954170227
DEBUG:root:confidences:0.9856581091880798
DEBUG:root:confidences:0.9918829202651978
DEBUG:root:confidences:0.9946684241294861
DEBUG:root:fps:1.9854947258497504
DEBUG:root:
DEBUG:root:----------------------
DEBUG:root:
DEBUG:root:FRAME:76
DEBUG:root:detection:0.48969101905822754
DEBUG:root:confidences:0.8464102745056152
DEBUG:root:confidences:0.9899700284004211
DEBUG:root:confidences:0.9863379001617432
DEBUG:root:confidences:0.9923907518386841
DEBUG:root:confidences:0.9950070381164551
DEBUG:root:fps:2.0053539164439056
DEBUG:root:
DEBUG:root:----------------------
DEBUG:root:
DEBUG:root:FRAME:77
DEBUG:root:detection:0.48769521713256836
DEBUG:root:confidences:0.8276841640472412
DEBUG:root:confidences:0.9932253360748291
DEBUG:root:confidences:0.9825839400291443
DEBUG:root:confidences:0.9784782528877258
DEBUG:root:confidences:0.984331488609314
DEBUG:root:fps:2.009386999336481
DEBUG:root:
DEBUG:root:----------------------
DEBUG:root:
DEBUG:root:FRAME:78
DEBUG:root:detection:0.48171138763427734
DEBUG:root:confidences:0.8140785694122314
DEBUG:root:confidences:0.9919233918190002
DEBUG:root:confidences:0.9903852343559265
DEBUG:root:confidences:0.9660205841064453
DEBUG:root:confidences:0.9646666049957275
DEBUG:root:confidences:0.5999497175216675
DEBUG:root:fps:2.0379663988284245
DEBUG:root:
DEBUG:root:----------------------
DEBUG:root:
DEBUG:root:FRAME:79
DEBUG:root:detection:0.4837062358856201
DEBUG:root:confidences:0.7164851427078247
DEBUG:root:confidences:0.9866727590560913
DEBUG:root:confidences:0.9792014360427856
DEBUG:root:confidences:0.963922917842865
DEBUG:root:confidences:0.9841066002845764
DEBUG:root:confidences:0.8558828234672546
DEBUG:root:fps:2.029712763712876
DEBUG:root:
DEBUG:root:----------------------
DEBUG:root:
DEBUG:root:FRAME:80
DEBUG:root:detection:0.4866979122161865
DEBUG:root:confidences:0.7623710632324219
DEBUG:root:confidences:0.989971935749054
DEBUG:root:confidences:0.9904114603996277
DEBUG:root:confidences:0.9957022666931152
DEBUG:root:confidences:0.982967734336853
DEBUG:root:confidences:0.7312382459640503
DEBUG:root:fps:2.0174632118630167
DEBUG:root:
DEBUG:root:----------------------
DEBUG:root:
DEBUG:root:FRAME:81
DEBUG:root:detection:0.47971606254577637
DEBUG:root:confidences:0.7933222055435181
DEBUG:root:confidences:0.9796144962310791
DEBUG:root:confidences:0.9910047054290771
DEBUG:root:confidences:0.9925916194915771
DEBUG:root:confidences:0.9898608922958374
DEBUG:root:confidences:0.6231858730316162
DEBUG:root:fps:2.0462804449971483
DEBUG:root:
DEBUG:root:----------------------
DEBUG:root:
DEBUG:root:FRAME:82
DEBUG:root:detection:0.4886929988861084
DEBUG:root:confidences:0.7593246698379517
DEBUG:root:confidences:0.9770920276641846
DEBUG:root:confidences:0.9938738942146301
DEBUG:root:confidences:0.9960869550704956
DEBUG:root:confidences:0.9834557771682739
DEBUG:root:confidences:0.6212397813796997
DEBUG:root:fps:2.0093744849973745
DEBUG:root:
DEBUG:root:----------------------
DEBUG:root:
DEBUG:root:FRAME:83
DEBUG:root:detection:0.4866974353790283
DEBUG:root:confidences:0.6606592535972595
DEBUG:root:confidences:0.9809078574180603
DEBUG:root:confidences:0.9959977269172668
DEBUG:root:confidences:0.9945707321166992
DEBUG:root:confidences:0.990403413772583
DEBUG:root:confidences:0.791043221950531
DEBUG:root:fps:2.0174515671153257
DEBUG:root:
DEBUG:root:----------------------
DEBUG:root:
DEBUG:root:FRAME:84
DEBUG:root:detection:0.49567437171936035
DEBUG:root:confidences:0.6314252018928528
DEBUG:root:confidences:0.9917510151863098
DEBUG:root:confidences:0.9966104030609131
DEBUG:root:confidences:0.9733808636665344
DEBUG:root:confidences:0.9934423565864563
DEBUG:root:confidences:0.5408378839492798
DEBUG:root:fps:1.97766914116724
DEBUG:root:
DEBUG:root:----------------------
DEBUG:root:
DEBUG:root:FRAME:85
DEBUG:root:detection:0.47971677780151367
DEBUG:root:confidences:0.994285523891449
DEBUG:root:confidences:0.9972405433654785
DEBUG:root:confidences:0.9790633916854858
DEBUG:root:confidences:0.9968905448913574
DEBUG:root:confidences:0.6609442234039307
DEBUG:root:fps:2.046283439965888
DEBUG:root:
DEBUG:root:----------------------
DEBUG:root:
DEBUG:root:FRAME:86
DEBUG:root:detection:0.47672462463378906
DEBUG:root:confidences:0.9946119785308838
DEBUG:root:confidences:0.9985519051551819
DEBUG:root:confidences:0.9919994473457336
DEBUG:root:confidences:0.9971704483032227
DEBUG:root:confidences:0.7522103190422058
DEBUG:root:fps:2.0631248813321883
DEBUG:root:
DEBUG:root:----------------------
DEBUG:root:
DEBUG:root:FRAME:87
DEBUG:root:detection:0.483705997467041
DEBUG:root:confidences:0.9927329421043396
DEBUG:root:confidences:0.9986982941627502
DEBUG:root:confidences:0.9978739023208618
DEBUG:root:confidences:0.9944937229156494
DEBUG:root:confidences:0.5528573393821716
DEBUG:root:fps:2.03383170074486
DEBUG:root:
DEBUG:root:----------------------
DEBUG:root:
DEBUG:root:FRAME:88
DEBUG:root:detection:0.4827084541320801
DEBUG:root:confidences:0.7172143459320068
DEBUG:root:confidences:0.9941781163215637
DEBUG:root:confidences:0.9974649548530579
DEBUG:root:confidences:0.9878868460655212
DEBUG:root:confidences:0.9981095790863037
DEBUG:root:fps:2.0379654086033416
DEBUG:root:
DEBUG:root:----------------------
DEBUG:root:
DEBUG:root:FRAME:89
DEBUG:root:detection:0.4777224063873291
DEBUG:root:confidences:0.8373607993125916
DEBUG:root:confidences:0.9951657652854919
DEBUG:root:confidences:0.9949367046356201
DEBUG:root:confidences:0.9719125032424927
DEBUG:root:confidences:0.9963217973709106
DEBUG:root:fps:2.0546676372642865
DEBUG:root:
